Watching for file changes with StatReloader
/workspace/vps_reseller/settings.py changed, reloading.
Watching for file changes with StatReloader
/workspace/vps/models.py changed, reloading.
Watching for file changes with StatReloader
/workspace/vps/models.py changed, reloading.
Watching for file changes with StatReloader
/workspace/vps/models.py changed, reloading.
Watching for file changes with StatReloader
/workspace/vps/models.py changed, reloading.
Watching for file changes with StatReloader
/workspace/accounts/views.py changed, reloading.
Watching for file changes with StatReloader
/workspace/vps/views.py changed, reloading.
Watching for file changes with StatReloader
/workspace/payments/views.py changed, reloading.
Watching for file changes with StatReloader
/workspace/dashboard/views.py changed, reloading.
Watching for file changes with StatReloader
/workspace/vps/admin.py changed, reloading.
Watching for file changes with StatReloader
/workspace/vps/admin.py changed, reloading.
Watching for file changes with StatReloader
/workspace/vps/admin.py changed, reloading.
Watching for file changes with StatReloader
/workspace/vps/admin.py changed, reloading.
Watching for file changes with StatReloader
/workspace/vps/admin.py changed, reloading.
Watching for file changes with StatReloader
/workspace/vps/admin.py changed, reloading.
Watching for file changes with StatReloader
/workspace/vps/admin.py changed, reloading.
Watching for file changes with StatReloader
Watching for file changes with StatReloader
Watching for file changes with StatReloader
/workspace/vps_reseller/settings.py changed, reloading.
Watching for file changes with StatReloader
/workspace/vps_reseller/settings.py changed, reloading.
/workspace/vps_reseller/settings.py changed, reloading.
Watching for file changes with StatReloader
Watching for file changes with StatReloader
/workspace/accounts/urls.py changed, reloading.
/workspace/accounts/urls.py changed, reloading.
/workspace/accounts/urls.py changed, reloading.
Watching for file changes with StatReloader
Watching for file changes with StatReloader
Watching for file changes with StatReloader
/workspace/accounts/views.py changed, reloading.
/workspace/accounts/views.py changed, reloading.
/workspace/accounts/views.py changed, reloading.
Watching for file changes with StatReloader
Watching for file changes with StatReloader
Watching for file changes with StatReloader
Watching for file changes with StatReloader
